# JRE version: Java(TM) SE Runtime Environment (17.0.8+9) (build 17.0.8+9-LTS-211)
# Java VM: Java HotSpot(TM) 64-Bit Server VM (17.0.8+9-LTS-211, mixed mode, sharing, tiered, compressed oops, compressed class ptrs, g1 gc, windows-amd64)
GC Precious Log:
 CPUs: 8 total, 8 available
 Memory: 3964M
 Large Page Support: Disabled
 NUMA Support: Disabled
 Compressed Oops: Enabled (32-bit)
 Heap Region Size: 1M
 Heap Min Capacity: 256M
 Heap Initial Capacity: 256M
 Heap Max Capacity: 512M
 Pre-touch: Disabled
 Parallel Workers: 8
 Concurrent Workers: 2
 Concurrent Refinement Workers: 8
 Periodic GC: Disabled
Heap:
 garbage-first heap   total 316416K, used 253134K [0x00000000e0000000, 0x0000000100000000)
  region size 1024K, 19 young (19456K), 3 survivors (3072K)
 Metaspace       used 91540K, committed 93824K, reserved 458752K
  class space    used 11912K, committed 12608K, reserved 327680K
GC Heap History (20 events):
Event: 1102.142 GC heap before
{Heap before GC invocations=129 (full 0):
 garbage-first heap   total 316416K, used 269853K [0x00000000e0000000, 0x0000000100000000)
  region size 1024K, 64 young (65536K), 9 survivors (9216K)
 Metaspace       used 93882K, committed 94848K, reserved 458752K
  class space    used 12244K, committed 12672K, reserved 327680K
}
Event: 1102.186 GC heap after
{Heap after GC invocations=130 (full 0):
 garbage-first heap   total 316416K, used 219435K [0x00000000e0000000, 0x0000000100000000)
  region size 1024K, 6 young (6144K), 6 survivors (6144K)
 Metaspace       used 93882K, committed 94848K, reserved 458752K
  class space    used 12244K, committed 12672K, reserved 327680K
}
Event: 1102.618 GC heap before
{Heap before GC invocations=130 (full 0):
 garbage-first heap   total 316416K, used 268587K [0x00000000e0000000, 0x0000000100000000)
  region size 1024K, 55 young (56320K), 6 survivors (6144K)
 Metaspace       used 93889K, committed 94848K, reserved 458752K
  class space    used 12244K, committed 12672K, reserved 327680K
}
Event: 1102.630 GC heap after
{Heap after GC invocations=131 (full 0):
 garbage-first heap   total 316416K, used 221517K [0x00000000e0000000, 0x0000000100000000)
  region size 1024K, 4 young (4096K), 4 survivors (4096K)
 Metaspace       used 93889K, committed 94848K, reserved 458752K
  class space    used 12244K, committed 12672K, reserved 327680K
}
Event: 1103.072 GC heap before
{Heap before GC invocations=131 (full 0):
 garbage-first heap   total 316416K, used 271693K [0x00000000e0000000, 0x0000000100000000)
  region size 1024K, 53 young (54272K), 4 survivors (4096K)
 Metaspace       used 93893K, committed 94848K, reserved 458752K
  class space    used 12244K, committed 12672K, reserved 327680K
}
Event: 1103.084 GC heap after
{Heap after GC invocations=132 (full 0):
 garbage-first heap   total 316416K, used 223641K [0x00000000e0000000, 0x0000000100000000)
  region size 1024K, 4 young (4096K), 4 survivors (4096K)
 Metaspace       used 93893K, committed 94848K, reserved 458752K
  class space    used 12244K, committed 12672K, reserved 327680K
}
Event: 1103.559 GC heap before
{Heap before GC invocations=132 (full 0):
 garbage-first heap   total 316416K, used 271769K [0x00000000e0000000, 0x0000000100000000)
  region size 1024K, 52 young (53248K), 4 survivors (4096K)
 Metaspace       used 93903K, committed 94848K, reserved 458752K
  class space    used 12244K, committed 12672K, reserved 327680K
}
Event: 1103.574 GC heap after
{Heap after GC invocations=133 (full 0):
 garbage-first heap   total 316416K, used 226029K [0x00000000e0000000, 0x0000000100000000)
  region size 1024K, 7 young (7168K), 7 survivors (7168K)
 Metaspace       used 93903K, committed 94848K, reserved 458752K
  class space    used 12244K, committed 12672K, reserved 327680K
}
Event: 1104.014 GC heap before
{Heap before GC invocations=133 (full 0):
 garbage-first heap   total 316416K, used 271085K [0x00000000e0000000, 0x0000000100000000)
  region size 1024K, 52 young (53248K), 7 survivors (7168K)
 Metaspace       used 93904K, committed 94848K, reserved 458752K
  class space    used 12244K, committed 12672K, reserved 327680K
}
Event: 1104.033 GC heap after
{Heap after GC invocations=134 (full 0):
 garbage-first heap   total 316416K, used 230672K [0x00000000e0000000, 0x0000000100000000)
  region size 1024K, 7 young (7168K), 7 survivors (7168K)
 Metaspace       used 93904K, committed 94848K, reserved 458752K
  class space    used 12244K, committed 12672K, reserved 327680K
}
Event: 1104.436 GC heap before
{Heap before GC invocations=134 (full 0):
 garbage-first heap   total 316416K, used 270608K [0x00000000e0000000, 0x0000000100000000)
  region size 1024K, 46 young (47104K), 7 survivors (7168K)
 Metaspace       used 93905K, committed 94848K, reserved 458752K
  class space    used 12244K, committed 12672K, reserved 327680K
}
Event: 1104.451 GC heap after
{Heap after GC invocations=135 (full 0):
 garbage-first heap   total 316416K, used 233443K [0x00000000e0000000, 0x0000000100000000)
  region size 1024K, 5 young (5120K), 5 survivors (5120K)
 Metaspace       used 93905K, committed 94848K, reserved 458752K
  class space    used 12244K, committed 12672K, reserved 327680K
}
Event: 1104.897 GC heap before
{Heap before GC invocations=135 (full 0):
 garbage-first heap   total 316416K, used 270307K [0x00000000e0000000, 0x0000000100000000)
  region size 1024K, 42 young (43008K), 5 survivors (5120K)
 Metaspace       used 93909K, committed 94848K, reserved 458752K
  class space    used 12244K, committed 12672K, reserved 327680K
}
Event: 1104.914 GC heap after
{Heap after GC invocations=136 (full 0):
 garbage-first heap   total 316416K, used 235143K [0x00000000e0000000, 0x0000000100000000)
  region size 1024K, 4 young (4096K), 4 survivors (4096K)
 Metaspace       used 93909K, committed 94848K, reserved 458752K
  class space    used 12244K, committed 12672K, reserved 327680K
}
Event: 1105.313 GC heap before
{Heap before GC invocations=136 (full 0):
 garbage-first heap   total 316416K, used 272007K [0x00000000e0000000, 0x0000000100000000)
  region size 1024K, 41 young (41984K), 4 survivors (4096K)
 Metaspace       used 93910K, committed 94848K, reserved 458752K
  class space    used 12244K, committed 12672K, reserved 327680K
}
Event: 1105.323 GC heap after
{Heap after GC invocations=137 (full 0):
 garbage-first heap   total 316416K, used 236309K [0x00000000e0000000, 0x0000000100000000)
  region size 1024K, 4 young (4096K), 4 survivors (4096K)
 Metaspace       used 93910K, committed 94848K, reserved 458752K
  class space    used 12244K, committed 12672K, reserved 327680K
}
Event: 1105.675 GC heap before
{Heap before GC invocations=137 (full 0):
 garbage-first heap   total 316416K, used 272149K [0x00000000e0000000, 0x0000000100000000)
  region size 1024K, 40 young (40960K), 4 survivors (4096K)
 Metaspace       used 93918K, committed 94848K, reserved 458752K
  class space    used 12245K, committed 12672K, reserved 327680K
}
Event: 1105.709 GC heap after
{Heap after GC invocations=138 (full 0):
 garbage-first heap   total 316416K, used 237887K [0x00000000e0000000, 0x0000000100000000)
  region size 1024K, 4 young (4096K), 4 survivors (4096K)
 Metaspace       used 93918K, committed 94848K, reserved 458752K
  class space    used 12245K, committed 12672K, reserved 327680K
}
Event: 1106.131 GC heap before
{Heap before GC invocations=138 (full 0):
 garbage-first heap   total 316416K, used 272703K [0x00000000e0000000, 0x0000000100000000)
  region size 1024K, 39 young (39936K), 4 survivors (4096K)
 Metaspace       used 93918K, committed 94848K, reserved 458752K
  class space    used 12245K, committed 12672K, reserved 327680K
}
Event: 1106.149 GC heap after
{Heap after GC invocations=139 (full 0):
 garbage-first heap   total 316416K, used 238798K [0x00000000e0000000, 0x0000000100000000)
  region size 1024K, 3 young (3072K), 3 survivors (3072K)
 Metaspace       used 93918K, committed 94848K, reserved 458752K
  class space    used 12245K, committed 12672K, reserved 327680K
}

